{"C:\\Users\\ASUS\\Documents\\Laboratoria\\DEV015-movie-challenge\\src\\dataFunctions.js": {"path":"C:\\Users\\ASUS\\Documents\\Laboratoria\\DEV015-movie-challenge\\src\\dataFunctions.js","statementMap":{"0":{"start":{"line":2,"column":4},"end":{"line":2,"column":39}},"1":{"start":{"line":3,"column":4},"end":{"line":8,"column":7}},"2":{"start":{"line":5,"column":6},"end":{"line":5,"column":41}}},"fnMap":{"0":{"name":"filterData","decl":{"start":{"line":1,"column":16},"end":{"line":1,"column":26}},"loc":{"start":{"line":1,"column":50},"end":{"line":9,"column":3}},"line":1},"1":{"name":"(anonymous_1)","decl":{"start":{"line":3,"column":23},"end":{"line":3,"column":24}},"loc":{"start":{"line":3,"column":39},"end":{"line":8,"column":5}},"line":3}},"branchMap":{},"s":{"0":2,"1":2,"2":6},"f":{"0":2,"1":6},"b":{},"_coverageSchema":"1a1c01bbd47fc00a2c39e90264f33305004495a9","hash":"02b8fcd12566f8f496dda96568e3fc6aec3232e0"}
,"C:\\Users\\ASUS\\Documents\\Laboratoria\\DEV015-movie-challenge\\test\\dataTest.js": {"path":"C:\\Users\\ASUS\\Documents\\Laboratoria\\DEV015-movie-challenge\\test\\dataTest.js","statementMap":{"0":{"start":{"line":1,"column":22},"end":{"line":81,"column":1}}},"fnMap":{},"branchMap":{},"s":{"0":1},"f":{},"b":{},"_coverageSchema":"1a1c01bbd47fc00a2c39e90264f33305004495a9","hash":"5b06e85d6d18eb5920016db757909656e060f990"}
}
